This is XeTeX, Version 3.1415926-2.2-0.9997.4 (MiKTeX 2.9) (preloaded format=xelatex 2014.6.12)  27 NOV 2014 16:17
entering extended mode
**XinHuang.tex
(C:\Users\huangxin\Desktop\Master_Thesis_HuangXin\XinHuang.tex
LaTeX2e <2009/09/24>
Babel <v3.8l> and hyphenation patterns for loaded.
(C:\Users\huangxin\Desktop\Master_Thesis_HuangXin\seuthesis.cls
Document Class: seuthesis 2012/04/19 2.1.2 The LaTeX template for thesis of Sou
theast University
Document Class `seuthesis' v2.1.2 by Xu Yuan, Song Yihan, Huang Xiaoyu (2012/04
/19)
(D:\CTEX\MiKTeX\tex\latex\koma-script\scrbook.cls
Document Class: scrbook 2010/09/17 v3.07 KOMA-Script document class (book)
(D:\CTEX\MiKTeX\tex\latex\koma-script\scrkbase.sty
Package: scrkbase 2010/09/17 v3.07 KOMA-Script package (KOMA-Script-dependent b
asics and keyval usage)

(D:\CTEX\MiKTeX\tex\latex\koma-script\scrbase.sty
Package: scrbase 2010/09/17 v3.07 KOMA-Script package (KOMA-Script-independent 
basics and keyval usage)

(D:\CTEX\MiKTeX\tex\latex\graphics\keyval.sty
Package: keyval 1999/03/16 v1.13 key=value parser (DPC)
\KV@toks@=\toks14
)
(D:\CTEX\MiKTeX\tex\latex\koma-script\scrlfile.sty
Package: scrlfile 2009/03/25 v3.03 KOMA-Script package (loading files)

Package scrlfile, 2009/03/25 v3.03 KOMA-Script package (loading files)
                  Copyright (C) Markus Kohm

))) (D:\CTEX\MiKTeX\tex\latex\koma-script\tocbasic.sty
Package: tocbasic 2010/09/14 v3.06a KOMA-Script package (handling toc-files)
)
Package tocbasic Info: omitting babel extension for `toc'
(tocbasic)             because of feature `nobabel' available
(tocbasic)             for `toc' on input line 117.
Package tocbasic Info: omitting babel extension for `lof'
(tocbasic)             because of feature `nobabel' available
(tocbasic)             for `lof' on input line 118.
Package tocbasic Info: omitting babel extension for `lot'
(tocbasic)             because of feature `nobabel' available
(tocbasic)             for `lot' on input line 119.


Class scrbook Warning: You've used obsolete option `tablecaptionabove'.
(scrbook)              Usage of this option indicates an old document and
(scrbook)              changes compatibility level using
(scrbook)              `captions=tableheading,version=first'.
(scrbook)              If you don't want this, you should simply replace
(scrbook)              usage of option `tablecaptionabove' by `captions=tablehe
ading'.

Class scrbook Info: Switching compatibility level to `first'.
Class scrbook Info: File `scrsize11pt.clo' used instead of
(scrbook)           file `scrsize11.clo' to setup font sizes on input line 1311
.
(D:\CTEX\MiKTeX\tex\latex\koma-script\scrsize11pt.clo
File: scrsize11pt.clo 2010/09/17 v3.07 KOMA-Script font size class option (11pt
)
)
(D:\CTEX\MiKTeX\tex\latex\koma-script\typearea.sty
Package: typearea 2010/09/17 v3.07 KOMA-Script package (type area)

Package typearea, 2010/09/17 v3.07 KOMA-Script package (type area)
                  Copyright (C) Frank Neukam, 1992-1994
                  Copyright (C) Markus Kohm, 1994-

\ta@bcor=\skip41
\ta@div=\count80
\ta@hblk=\skip42
\ta@vblk=\skip43
\ta@temp=\skip44
Package typearea Info: These are the values describing the layout:
(typearea)             DIV  = 10
(typearea)             BCOR = 0.0pt
(typearea)             \paperwidth      = 597.50793pt
(typearea)              \textwidth      = 418.25555pt
(typearea)              DIV departure   = -6%
(typearea)              \evensidemargin = 47.2316pt
(typearea)              \oddsidemargin  = -12.5192pt
(typearea)             \paperheight     = 845.04694pt
(typearea)              \textheight     = 595.80026pt
(typearea)              \topmargin      = -25.16531pt
(typearea)              \headheight     = 17.0pt
(typearea)              \headsep        = 20.40001pt
(typearea)              \topskip        = 11.0pt
(typearea)              \footskip       = 47.60002pt
(typearea)              \baselineskip   = 13.6pt
(typearea)              on input line 1134.
)
\c@part=\count81
\c@chapter=\count82
\c@section=\count83
\c@subsection=\count84
\c@subsubsection=\count85
\c@paragraph=\count86
\c@subparagraph=\count87
\abovecaptionskip=\skip45
\belowcaptionskip=\skip46
\c@pti@nb@sid@b@x=\box26
\c@figure=\count88
\c@table=\count89
\bibindent=\dimen102
) (D:\CTEX\MiKTeX\tex\latex\base\doc.sty
Package: doc 2006/02/02 v2.1d Standard LaTeX documentation package (FMi)
\c@StandardModuleDepth=\count90
\guard@level=\count91
\MacrocodeTopsep=\skip47
\MacroIndent=\dimen103
\macro@cnt=\count92
\MacroTopsep=\skip48
\index@excludelist=\toks15

(D:\CTEX\MiKTeX\tex\latex\tools\multicol.sty
Package: multicol 2008/12/05 v1.6h multicolumn formatting (FMi)
\c@tracingmulticols=\count93
\mult@box=\box27
\multicol@leftmargin=\dimen104
\c@unbalance=\count94
\c@collectmore=\count95
\doublecol@number=\count96
\multicoltolerance=\count97
\multicolpretolerance=\count98
\full@width=\dimen105
\page@free=\dimen106
\premulticols=\dimen107
\postmulticols=\dimen108
\multicolsep=\skip49
\multicolbaselineskip=\skip50
\partial@page=\box28
\last@line=\box29
\mult@rightbox=\box30
\mult@grightbox=\box31
\mult@gfirstbox=\box32
\mult@firstbox=\box33
\@tempa=\box34
\@tempa=\box35
\@tempa=\box36
\@tempa=\box37
\@tempa=\box38
\@tempa=\box39
\@tempa=\box40
\@tempa=\box41
\@tempa=\box42
\@tempa=\box43
\@tempa=\box44
\@tempa=\box45
\@tempa=\box46
\@tempa=\box47
\@tempa=\box48
\@tempa=\box49
\@tempa=\box50
\c@columnbadness=\count99
\c@finalcolumnbadness=\count100
\last@try=\dimen109
\multicolovershoot=\dimen110
\multicolundershoot=\dimen111
\mult@nat@firstbox=\box51
\colbreak@box=\box52
)
\IndexMin=\dimen112
\c@IndexColumns=\count101
\GlossaryMin=\dimen113
\c@GlossaryColumns=\count102
\l@nohyphenation=\language1
\check@sum=\count103
\bslash@cnt=\count104
\wrong@table=\toks16
\c@CodelineNo=\count105
)
(D:\CTEX\MiKTeX\tex\latex\base\ifthen.sty
Package: ifthen 2001/05/26 v1.1c Standard LaTeX ifthen package (DPC)
)
(D:\CTEX\MiKTeX\tex\latex\booktabs\booktabs.sty
Package: booktabs 2005/04/14 v1.61803 publication quality tables
\heavyrulewidth=\dimen114
\lightrulewidth=\dimen115
\cmidrulewidth=\dimen116
\belowrulesep=\dimen117
\belowbottomsep=\dimen118
\aboverulesep=\dimen119
\abovetopsep=\dimen120
\cmidrulesep=\dimen121
\cmidrulekern=\dimen122
\defaultaddspace=\dimen123
\@cmidla=\count106
\@cmidlb=\count107
\@aboverulesep=\dimen124
\@belowrulesep=\dimen125
\@thisruleclass=\count108
\@lastruleclass=\count109
\@thisrulewidth=\dimen126
)
(D:\CTEX\MiKTeX\tex\latex\multirow\multirow.sty
\bigstrutjot=\dimen127
)
(D:\CTEX\MiKTeX\tex\latex\tools\longtable.sty
Package: longtable 2004/02/01 v4.11 Multi-page Table package (DPC)
\LTleft=\skip51
\LTright=\skip52
\LTpre=\skip53
\LTpost=\skip54
\LTchunksize=\count110
\LTcapwidth=\dimen128
\LT@head=\box53
\LT@firsthead=\box54
\LT@foot=\box55
\LT@lastfoot=\box56
\LT@cols=\count111
\LT@rows=\count112
\c@LT@tables=\count113
\c@LT@chunks=\count114
\LT@p@ftn=\toks17
)
Class scrbook Info: longtable captions redefined on input line 58.

(D:\CTEX\MiKTeX\tex\latex\subfig\subfig.sty
Package: subfig 2005/06/28 ver: 1.3 subfig package

(D:\CTEX\MiKTeX\tex\latex\caption\caption.sty
Package: caption 2010/01/09 v3.1m Customizing captions (AR)

(D:\CTEX\MiKTeX\tex\latex\caption\caption3.sty
Package: caption3 2010/01/14 v3.1m caption3 kernel (AR)
\captionmargin=\dimen129
\captionmargin@=\dimen130
\captionwidth=\dimen131
\caption@indent=\dimen132
\caption@parindent=\dimen133
\caption@hangindent=\dimen134
)
Package caption Info: KOMA-Script document class.
\c@ContinuedFloat=\count115
Package caption Info: longtable package is loaded.

(D:\CTEX\MiKTeX\tex\latex\caption\ltcaption.sty
Package: ltcaption 2008/03/28 v1.2 longtable captions (AR)
))
\c@KVtest=\count116
\sf@farskip=\skip55
\sf@captopadj=\dimen135
\sf@capskip=\skip56
\sf@nearskip=\skip57
\c@subfigure=\count117
\c@subfigure@save=\count118
\c@lofdepth=\count119
\c@subtable=\count120
\c@subtable@save=\count121
\c@lotdepth=\count122
\sf@top=\skip58
\sf@bottom=\skip59
)
(D:\CTEX\MiKTeX\tex\latex\ams\math\amsmath.sty
Package: amsmath 2000/07/18 v2.13 AMS math features
\@mathmargin=\skip60

For additional information on amsmath, use the `?' option.
(D:\CTEX\MiKTeX\tex\latex\ams\math\amstext.sty
Package: amstext 2000/06/29 v2.01

(D:\CTEX\MiKTeX\tex\latex\ams\math\amsgen.sty
File: amsgen.sty 1999/11/30 v2.0
\@emptytoks=\toks18
\ex@=\dimen136
))
(D:\CTEX\MiKTeX\tex\latex\ams\math\amsbsy.sty
Package: amsbsy 1999/11/29 v1.2d
\pmbraise@=\dimen137
)
(D:\CTEX\MiKTeX\tex\latex\ams\math\amsopn.sty
Package: amsopn 1999/12/14 v2.01 operator names
)
\inf@bad=\count123
LaTeX Info: Redefining \frac on input line 211.
\uproot@=\count124
\leftroot@=\count125
LaTeX Info: Redefining \overline on input line 307.
\classnum@=\count126
\DOTSCASE@=\count127
LaTeX Info: Redefining \ldots on input line 379.
LaTeX Info: Redefining \dots on input line 382.
LaTeX Info: Redefining \cdots on input line 467.
\Mathstrutbox@=\box57
\strutbox@=\box58
\big@size=\dimen138
LaTeX Font Info:    Redeclaring font encoding OML on input line 567.
LaTeX Font Info:    Redeclaring font encoding OMS on input line 568.
\macc@depth=\count128
\c@MaxMatrixCols=\count129
\dotsspace@=\muskip10
\c@parentequation=\count130
\dspbrk@lvl=\count131
\tag@help=\toks19
\row@=\count132
\column@=\count133
\maxfields@=\count134
\andhelp@=\toks20
\eqnshift@=\dimen139
\alignsep@=\dimen140
\tagshift@=\dimen141
\tagwidth@=\dimen142
\totwidth@=\dimen143
\lineht@=\dimen144
\@envbody=\toks21
\multlinegap=\skip61
\multlinetaggap=\skip62
\mathdisplay@stack=\toks22
LaTeX Info: Redefining \[ on input line 2666.
LaTeX Info: Redefining \] on input line 2667.
)
(D:\CTEX\MiKTeX\tex\latex\amsfonts\amssymb.sty
Package: amssymb 2009/06/22 v3.00

(D:\CTEX\MiKTeX\tex\latex\amsfonts\amsfonts.sty
Package: amsfonts 2009/06/22 v3.00 Basic AMSFonts support
\symAMSa=\mathgroup4
\symAMSb=\mathgroup5
LaTeX Font Info:    Overwriting math alphabet `\mathfrak' in version `bold'
(Font)                  U/euf/m/n --> U/euf/b/n on input line 96.
))
(D:\CTEX\MiKTeX\tex\latex\xltxtra\xltxtra.sty
Package: xltxtra 2010/09/20 v0.5e Improvements for the "XeLaTeX" format

(D:\CTEX\MiKTeX\tex\generic\oberdiek\ifluatex.sty
Package: ifluatex 2010/03/01 v1.3 Provides the ifluatex switch (HO)
Package ifluatex Info: LuaTeX not detected.
)
(D:\CTEX\MiKTeX\tex\generic\ifxetex\ifxetex.sty
Package: ifxetex 2010/09/12 v0.6 Provides ifxetex conditional
)
(D:\CTEX\MiKTeX\tex\latex\fontspec\fontspec.sty
Package: fontspec 2010/11/17 v2.1e Advanced font selection for XeLaTeX/LuaLaTeX


(D:\CTEX\MiKTeX\tex\latex\expl3\expl3.sty
(D:\CTEX\MiKTeX\tex\latex\expl3\l3names.sty
Package: l3names 2010/10/03 v2064 L3 Experimental Naming Scheme for TeX Primiti
ves
)
Package: expl3 2010/11/13 v2083 L3 Experimental code bundle wrapper

(D:\CTEX\MiKTeX\tex\latex\misc\etex.sty
Package: etex 1998/03/26 v2.0 eTeX basic definition package (PEB)
\et@xins=\count135
)
(D:\CTEX\MiKTeX\tex\latex\expl3\l3basics.sty
Package: l3basics 2010/10/03 v2063 L3 Experimental basic definitions
)
(D:\CTEX\MiKTeX\tex\latex\expl3\l3expan.sty
Package: l3expan 2010/09/20 v2037 L3 Experimental Argument Expansion module
)
(D:\CTEX\MiKTeX\tex\latex\expl3\l3tl.sty
Package: l3tl 2010/11/17 v2084 L3 Experimental Token Lists
)
(D:\CTEX\MiKTeX\tex\latex\expl3\l3int.sty
Package: l3int 2010/10/17 v2077 L3 Experimental Integer module
\l_tmpa_int=\count136
\l_tmpb_int=\count137
\l_tmpc_int=\count138
\g_tmpa_int=\count139
\g_tmpb_int=\count140
\c_max_int=\count141
\g_tl_inline_level_int=\count142
)
(D:\CTEX\MiKTeX\tex\latex\expl3\l3quark.sty
Package: l3quark 2010/09/20 v2036 L3 Experimental Quark Commands
)
(D:\CTEX\MiKTeX\tex\latex\expl3\l3seq.sty
Package: l3seq 2010/03/29 v1879 L3 Experimental sequences and stacks
)
(D:\CTEX\MiKTeX\tex\latex\expl3\l3toks.sty
Package: l3toks 2010/09/20 v2037 L3 Experimental Token Registers
\l_tmpb_toks=\toks23
\l_tmpc_toks=\toks24
\g_tmpa_toks=\toks25
\g_tmpb_toks=\toks26
\g_tmpc_toks=\toks27
\c_empty_toks=\toks28
\l_tl_replace_toks=\toks29
)
(D:\CTEX\MiKTeX\tex\latex\expl3\l3prg.sty
Package: l3prg 2010/10/03 v2063 L3 Experimental control structures
\g_prg_inline_level_int=\count143
)
(D:\CTEX\MiKTeX\tex\latex\expl3\l3clist.sty
Package: l3clist 2010/10/09 v2071 L3 Experimental comma separated lists
\g_clist_map_inline_int=\count144
)
(D:\CTEX\MiKTeX\tex\latex\expl3\l3token.sty
Package: l3token 2010/10/03 v2063 L3 Experimental token investigation and manip
ulation
)
(D:\CTEX\MiKTeX\tex\latex\expl3\l3prop.sty
Package: l3prop 2010/11/23 v2087 L3 Experimental Property Lists
\g_prop_inline_level_int=\count145
)
(D:\CTEX\MiKTeX\tex\latex\expl3\l3msg.sty
Package: l3msg 2010/10/02 v2052 L3 Experimental LaTeX Messages module
\l_msg_redirect_classes_prop=\toks30
\l_msg_redirect_names_prop=\toks31
\l_msg_redirect_fatal_prop=\toks32
\l_msg_redirect_error_prop=\toks33
\l_msg_redirect_warning_prop=\toks34
\l_msg_redirect_info_prop=\toks35
\l_msg_redirect_log_prop=\toks36
\l_msg_redirect_trace_prop=\toks37
\l_msg_redirect_none_prop=\toks38
)
(D:\CTEX\MiKTeX\tex\latex\expl3\l3io.sty
Package: l3io 2010/10/03 v2063 L3 Experimental i/o module
\g_iow_streams_prop=\toks39
\g_ior_streams_prop=\toks40
\l_iow_stream_int=\count146
)
(D:\CTEX\MiKTeX\tex\latex\expl3\l3skip.sty
Package: l3skip 2010/11/23 v2088 L3 Experimental skip registers
\l_tmpa_skip=\skip63
\l_tmpb_skip=\skip64
\l_tmpc_skip=\skip65
\g_tmpa_skip=\skip66
\g_tmpb_skip=\skip67
\l_tmpa_dim=\dimen145
\l_tmpb_dim=\dimen146
\l_tmpc_dim=\dimen147
\l_tmpd_dim=\dimen148
\g_tmpa_dim=\dimen149
\g_tmpb_dim=\dimen150
)
(D:\CTEX\MiKTeX\tex\latex\expl3\l3box.sty
Package: l3box 2010/09/26 v2048 L3 Experimental Box module
\l_tmpb_box=\box59
)
(D:\CTEX\MiKTeX\tex\latex\expl3\l3keyval.sty
Package: l3keyval 2010/04/11 v1890 L3 Experimental keyval processing
\l_KV_level_int=\count147
)
(D:\CTEX\MiKTeX\tex\latex\expl3\l3keys.sty
Package: l3keys 2010/11/11 v2082 L3 Experimental key-value support
\l_keys_choice_int=\count148
)
(D:\CTEX\MiKTeX\tex\latex\expl3\l3precom.sty
Package: l3precom 2010/02/09 v1793 L3 Experimental precompilation module
\g_gen_sym_int=\count149
\g_ggen_sym_int=\count150
)
(D:\CTEX\MiKTeX\tex\latex\expl3\l3xref.sty
Package: l3xref 2010/02/09 v1786 L3 Experimental cross referencing
\g_xref_all_curr_immediate_fields_prop=\toks41
\g_xref_all_curr_deferred_fields_prop=\toks42
)
(D:\CTEX\MiKTeX\tex\latex\expl3\l3file.sty
Package: l3file 2010/03/21 v1853 L3 Experimental file loading
)
(D:\CTEX\MiKTeX\tex\latex\expl3\l3fp.sty
Package: l3fp 2010/11/25 v2092 L3 Experimental floating-point operations
\c_forty_four=\count151
\c_one_hundred=\count152
\c_one_thousand=\count153
\c_one_million=\count154
\c_one_hundred_million=\count155
\c_five_hundred_million=\count156
\c_one_thousand_million=\count157
\c_fp_pi_by_four_decimal_int=\count158
\c_fp_pi_by_four_extended_int=\count159
\c_fp_pi_decimal_int=\count160
\c_fp_pi_extended_int=\count161
\c_fp_two_pi_decimal_int=\count162
\c_fp_two_pi_extended_int=\count163
\l_fp_count_int=\count164
\l_fp_div_offset_int=\count165
\l_fp_input_a_sign_int=\count166
\l_fp_input_a_integer_int=\count167
\l_fp_input_a_decimal_int=\count168
\l_fp_input_a_exponent_int=\count169
\l_fp_input_b_sign_int=\count170
\l_fp_input_b_integer_int=\count171
\l_fp_input_b_decimal_int=\count172
\l_fp_input_b_exponent_int=\count173
\l_fp_input_a_extended_int=\count174
\l_fp_input_b_extended_int=\count175
\l_fp_mul_a_i_int=\count176
\l_fp_mul_a_ii_int=\count177
\l_fp_mul_a_iii_int=\count178
\l_fp_mul_a_iv_int=\count179
\l_fp_mul_a_v_int=\count180
\l_fp_mul_a_vi_int=\count181
\l_fp_mul_b_i_int=\count182
\l_fp_mul_b_ii_int=\count183
\l_fp_mul_b_iii_int=\count184
\l_fp_mul_b_iv_int=\count185
\l_fp_mul_b_v_int=\count186
\l_fp_mul_b_vi_int=\count187
\l_fp_mul_output_int=\count188
\l_fp_output_sign_int=\count189
\l_fp_output_integer_int=\count190
\l_fp_output_decimal_int=\count191
\l_fp_output_exponent_int=\count192
\l_fp_output_extended_int=\count193
\l_fp_round_position_int=\count194
\l_fp_round_target_int=\count195
\l_fp_split_sign_int=\count196
\l_fp_tmp_int=\count197
\l_fp_trig_octant_int=\count198
\l_fp_trig_sign_int=\count199
\l_fp_trig_decimal_int=\count200
\l_fp_trig_extended_int=\count201
\l_fp_tmp_dim=\dimen151
\l_fp_tmp_skip=\skip68
)
(D:\CTEX\MiKTeX\tex\latex\expl3\l3luatex.sty
Package: l3luatex 2010/07/18 v1985 L3 Experimental LuaTeX functions
Normal \count register pool exhausted, switching to extended pool.
\g_cctab_allocate_int=\count277
\g_cctab_stack_int=\count278
)
(D:\CTEX\MiKTeX\tex\latex\tools\calc.sty
Package: calc 2007/08/22 v4.3 Infix arithmetic (KKT,FJ)
\calc@Acount=\count279
\calc@Bcount=\count280
\calc@Adimen=\dimen152
\calc@Bdimen=\dimen153
\calc@Askip=\skip69
\calc@Bskip=\skip70
LaTeX Info: Redefining \setlength on input line 76.
LaTeX Info: Redefining \addtolength on input line 77.
\calc@Ccount=\count281
\calc@Cskip=\skip71
))
(D:\CTEX\MiKTeX\tex\latex\xpackages\xbase\xparse.sty
Package: xparse 2010/10/13 v2073 Generic document command parser
\c_xparse_shorthands_prop=\toks43
\l_xparse_m_args_int=\count282
\l_xparse_mandatory_args_int=\count283
\l_xparse_processor_int=\count284
\l_xparse_total_args_int=\count285
)
(D:\CTEX\MiKTeX\tex\generic\binhex\binhex.tex)
\l_fontspec_script_int=\count286
\l_fontspec_language_int=\count287
\l_fontspec_strnum_int=\count288
Variant \tl_gset:cV already defined; not changing it on line 79

(D:\CTEX\MiKTeX\tex\latex\xkeyval\xkeyval.sty
Package: xkeyval 2008/08/13 v2.6a package option processing (HA)

(D:\CTEX\MiKTeX\tex\generic\xkeyval\xkeyval.tex
\XKV@toks=\toks44
\XKV@tempa@toks=\toks45
\XKV@depth=\count289
File: xkeyval.tex 2008/08/13 v2.6a key=value parser (HA)
))
(D:\CTEX\MiKTeX\tex\latex\fontspec\fontspec-patches.sty
Package: fontspec-patches 2010/11/17 v2.1e Advanced font selection for XeLaTeX/
LuaLaTeX

(D:\CTEX\MiKTeX\tex\latex\base\fixltx2e.sty
Package: fixltx2e 2006/09/13 v1.1m fixes to LaTeX
LaTeX Info: Redefining \em on input line 420.
LaTeX Info: Redefining \textsubscript on input line 424.
LaTeX Info: The control sequence `\[' is already robust on input line 471.
LaTeX Info: The control sequence `\]' is already robust on input line 472.
)
LaTeX Info: Redefining \em on input line 22.
LaTeX Info: Redefining \emph on input line 29.
LaTeX Info: Redefining \- on input line 32.
)
(D:\CTEX\MiKTeX\tex\latex\base\fontenc.sty
Package: fontenc 2005/09/27 v1.99g Standard LaTeX package

(D:\CTEX\MiKTeX\tex\latex\euenc\eu1enc.def
File: eu1enc.def 2010/05/27 v0.1h Experimental Unicode font encodings
)
LaTeX Font Info:    Try loading font information for EU1+lmr on input line 100.


(D:\CTEX\MiKTeX\tex\latex\euenc\eu1lmr.fd
File: eu1lmr.fd 2009/10/30 v1.6 Font defs for Latin Modern
))
(D:\CTEX\MiKTeX\tex\xelatex\xunicode\xunicode.sty
File: xunicode.sty 2010/11/06 v0.96 provides access to latin accents and many o
ther characters in Unicode lower plane
)
 LaTeX info: Defining document command \fontspec
(LaTeX)  with arg. spec. 'O{}m' on line 322.

 LaTeX info: Defining document command \setmainfont
(LaTeX)  with arg. spec. 'O{}m' on line 326.

 LaTeX info: Defining document command \setsansfont
(LaTeX)  with arg. spec. 'O{}m' on line 330.

 LaTeX info: Defining document command \setmonofont
(LaTeX)  with arg. spec. 'O{}m' on line 334.

 LaTeX info: Defining document command \setmathrm
(LaTeX)  with arg. spec. 'O{}m' on line 338.

 LaTeX info: Defining document command \setboldmathrm
(LaTeX)  with arg. spec. 'O{}m' on line 341.

 LaTeX info: Defining document command \setmathsf
(LaTeX)  with arg. spec. 'O{}m' on line 344.

 LaTeX info: Defining document command \setmathtt
(LaTeX)  with arg. spec. 'O{}m' on line 347.

 LaTeX info: Defining document command \newfontfamily
(LaTeX)  with arg. spec. 'mO{}m' on line 364.

 LaTeX info: Defining document command \newfontface
(LaTeX)  with arg. spec. 'mO{}m' on line 367.

 LaTeX info: Defining document command \defaultfontfeatures
(LaTeX)  with arg. spec. 'm' on line 370.

 LaTeX info: Defining document command \addfontfeatures
(LaTeX)  with arg. spec. 'm' on line 387.

 LaTeX info: Defining document command \newfontfeature
(LaTeX)  with arg. spec. 'mm' on line 394.

 LaTeX info: Defining document command \newAATfeature
(LaTeX)  with arg. spec. 'mmmm' on line 403.

 LaTeX info: Defining document command \newICUfeature
(LaTeX)  with arg. spec. 'mmm' on line 412.

 LaTeX info: Defining document command \aliasfontfeature
(LaTeX)  with arg. spec. 'mm' on line 414.

 LaTeX info: Defining document command \aliasfontfeatureoption
(LaTeX)  with arg. spec. 'mmm' on line 417.

 LaTeX info: Defining document command \newfontscript
(LaTeX)  with arg. spec. 'mm' on line 422.

 LaTeX info: Defining document command \newfontlanguage
(LaTeX)  with arg. spec. 'mm' on line 444.

 LaTeX info: Defining document command \DeclareFontsExtensions
(LaTeX)  with arg. spec. 'm' on line 461.

\c@fontspec_tmp_int=\count290
LaTeX Info: Redefining \itshape on input line 2071.
LaTeX Info: Redefining \slshape on input line 2075.
LaTeX Info: Redefining \scshape on input line 2079.
LaTeX Info: Redefining \upshape on input line 2083.

(D:\CTEX\MiKTeX\tex\latex\fontspec\fontspec.cfg))
(D:\CTEX\MiKTeX\tex\latex\realscripts\realscripts.sty
Package: realscripts 2010/09/30 v0.3 Access OpenType subscripts and superscript
s
 LaTeX info: Defining document command \fakesubscript
(LaTeX)  with arg. spec. 'm' on line 19.

 LaTeX info: Defining document command \fakesuperscript
(LaTeX)  with arg. spec. 'm' on line 22.

 LaTeX info: Redefining document command \textsubscript
(LaTeX)  with arg. spec. 's' on line 25.

 LaTeX info: Redefining document command \textsuperscript
(LaTeX)  with arg. spec. 's' on line 28.

 LaTeX info: Defining document command \realsubscript
(LaTeX)  with arg. spec. 'm' on line 45.

 LaTeX info: Defining document command \realsuperscript
(LaTeX)  with arg. spec. 'm' on line 60.

 LaTeX info: Defining document command \textsubsuperscript
(LaTeX)  with arg. spec. 'sO{l}mm' on line 137.

 LaTeX info: Defining document command \textsupersubscript
(LaTeX)  with arg. spec. 'sO{l}mm' on line 140.

\subsupersep=\dimen154
)
(D:\CTEX\MiKTeX\tex\latex\metalogo\metalogo.sty
Package: metalogo 2010/05/29 v0.12 Extended TeX logo macros

(D:\CTEX\MiKTeX\tex\latex\graphics\graphicx.sty
Package: graphicx 1999/02/16 v1.0f Enhanced LaTeX Graphics (DPC,SPQR)

(D:\CTEX\MiKTeX\tex\latex\graphics\graphics.sty
Package: graphics 2009/02/05 v1.0o Standard LaTeX Graphics (DPC,SPQR)

(D:\CTEX\MiKTeX\tex\latex\graphics\trig.sty
Package: trig 1999/03/16 v1.09 sin cos tan (DPC)
)
(D:\CTEX\MiKTeX\tex\latex\00miktex\graphics.cfg
File: graphics.cfg 2007/01/18 v1.5 graphics configuration of teTeX/TeXLive
)
Package graphics Info: Driver file: xetex.def on input line 91.

(D:\CTEX\MiKTeX\tex\xelatex\xetex-def\xetex.def
File: xetex.def 2009/11/22 v0.94 LaTeX color/graphics driver for XeTeX (RRM/JK)

))
\Gin@req@height=\dimen155
\Gin@req@width=\dimen156
)
\xl@everylogo=\toks46
\xl@@everylogo=\toks47
LaTeX Info: Redefining \TeX on input line 193.
LaTeX Info: Redefining \LaTeX on input line 202.
LaTeX Info: Redefining \LaTeXe on input line 219.
)
\xxt@tempbox=\box60
)
(D:\CTEX\MiKTeX\tex\latex\xcolor\xcolor.sty
Package: xcolor 2007/01/21 v2.11 LaTeX color extensions (UK)

(D:\CTEX\MiKTeX\tex\latex\00miktex\color.cfg
File: color.cfg 2007/01/18 v1.5 color configuration of teTeX/TeXLive
)
Package xcolor Info: Driver file: xetex.def on input line 225.
Package xcolor Info: Model `cmy' substituted by `cmy0' on input line 1337.
Package xcolor Info: Model `RGB' extended on input line 1353.
Package xcolor Info: Model `HTML' substituted by `rgb' on input line 1355.
Package xcolor Info: Model `Hsb' substituted by `hsb' on input line 1356.
Package xcolor Info: Model `tHsb' substituted by `hsb' on input line 1357.
Package xcolor Info: Model `HSB' substituted by `hsb' on input line 1358.
Package xcolor Info: Model `Gray' substituted by `gray' on input line 1359.
Package xcolor Info: Model `wave' substituted by `hsb' on input line 1360.

(D:\CTEX\MiKTeX\tex\latex\graphics\dvipsnam.def
File: dvipsnam.def 1999/02/16 v3.0i Driver-dependant file (DPC,SPQR)
))
(D:\CTEX\MiKTeX\tex\latex\tools\indentfirst.sty
Package: indentfirst 1995/11/23 v1.03 Indent first paragraph (DPC)
)
(D:\CTEX\MiKTeX\tex\latex\base\makeidx.sty
Package: makeidx 2000/03/29 v1.0m Standard LaTeX package
)
(D:\CTEX\MiKTeX\tex\latex\tocbibind\tocbibind.sty
Package: tocbibind 2010/10/13 v1.5k extra ToC listings
Package tocbibind Info: The document has chapter divisions on input line 50.


Package tocbibind Note: Using chapter style headings, unless overridden.

) (D:\CTEX\MiKTeX\tex\latex\natbib\natbib.sty
Package: natbib 2009/11/07 8.31a (PWD, AO)
\bibhang=\skip72
\bibsep=\skip73
LaTeX Info: Redefining \cite on input line 694.
\c@NAT@ctr=\count291
)
(D:\CTEX\MiKTeX\tex\latex\tools\array.sty
Package: array 2008/09/09 v2.4c Tabular extension package (FMi)
\col@sep=\dimen157
\extrarowheight=\dimen158
\NC@list=\toks48
\extratabsurround=\skip74
\backup@length=\skip75
)
(D:\CTEX\MiKTeX\tex\latex\paralist\paralist.sty
Package: paralist 2002/03/18 v2.3b Extended list environments (BS)
\pltopsep=\skip76
\plpartopsep=\skip77
\plitemsep=\skip78
\plparsep=\skip79
\pl@lab=\toks49
)
(D:\CTEX\CTeX\tex\xelatex\xecjk\xeCJK.sty
Package: xeCJK 2010/11/20 2.3.17 package for typesetting CJK scripts with XeLaT
eX
\xeCJK@cnta=\count292
\xeCJK@cntb=\count293
\xeCJK@cntc=\count294
\xeCJK@cntd=\count295
\xeCJK@cnte=\count296
\xeCJK@dima=\dimen159
LaTeX Info: Redefining \normalfont on input line 807.
LaTeX Info: Redefining \rmfamily on input line 816.
LaTeX Info: Redefining \sffamily on input line 820.
LaTeX Info: Redefining \ttfamily on input line 824.
\xeCJK@featureadded=\count297

(D:\CTEX\MiKTeX\tex\latex\cjk\CJKnumb.sty
Package: CJKnumb 2008/12/29 4.8.2
\CJK@q=\count298
\CJK@r=\count299
))
(D:\CTEX\MiKTeX\tex\latex\cjk\CJKulem.sty
Package: CJKulem 2008/12/29 4.8.2

(D:\CTEX\MiKTeX\tex\latex\ulem\ulem.sty
\UL@box=\box61
\UL@hyphenbox=\box62
\UL@skip=\skip80
\UL@hook=\toks50
\UL@pe=\count300
\UL@pixel=\dimen160
\ULC@box=\box63
Package: ulem 2010/10/03
\ULdepth=\dimen161
)
\UL@lastkern=\dimen162
\CJK@skip=\skip81
)
\CJK@twochars=\skip82

(D:\CTEX\MiKTeX\tex\latex\hyperref\hyperref.sty
Package: hyperref 2010/11/26 v6.81v Hypertext links for LaTeX

(D:\CTEX\MiKTeX\tex\generic\oberdiek\ltxcmds.sty
Package: ltxcmds 2010/04/26 v1.7 LaTeX kernel commands for general use (HO)
)
(D:\CTEX\MiKTeX\tex\generic\oberdiek\ifpdf.sty
Package: ifpdf 2010/01/28 v2.1 Provides the ifpdf switch (HO)
Package ifpdf Info: pdfTeX in pdf mode not detected.
)
(D:\CTEX\MiKTeX\tex\generic\oberdiek\pdftexcmds.sty
Package: pdftexcmds 2010/04/01 v0.9 Utility functions of pdfTeX for LuaTeX (HO)


(D:\CTEX\MiKTeX\tex\generic\oberdiek\infwarerr.sty
Package: infwarerr 2010/04/08 v1.3 Providing info/warning/message (HO)
)
Package pdftexcmds Info: LuaTeX not detected.
Package pdftexcmds Info: pdfTeX >= 1.30 not detected.
Package pdftexcmds Info: \pdf@primitive is available.
Package pdftexcmds Info: \pdf@ifprimitive is available.
)
(D:\CTEX\MiKTeX\tex\generic\oberdiek\kvsetkeys.sty
Package: kvsetkeys 2010/03/01 v1.9 Key value parser (HO)

(D:\CTEX\MiKTeX\tex\generic\oberdiek\etexcmds.sty
Package: etexcmds 2010/01/28 v1.3 Prefix for e-TeX command names (HO)
Package etexcmds Info: Could not find \expanded.
(etexcmds)             That can mean that you are not using pdfTeX 1.50 or
(etexcmds)             that some package has redefined \expanded.
(etexcmds)             In the latter case, load this package earlier.
))
(D:\CTEX\MiKTeX\tex\generic\oberdiek\pdfescape.sty
Package: pdfescape 2010/03/01 v1.9 Provides hex, PDF name and string conversion
s (HO)
)
(D:\CTEX\MiKTeX\tex\generic\oberdiek\ifvtex.sty
Package: ifvtex 2010/03/01 v1.5 Switches for detecting VTeX and its modes (HO)
Package ifvtex Info: VTeX not detected.
)
(D:\CTEX\MiKTeX\tex\latex\oberdiek\hycolor.sty
Package: hycolor 2009/12/12 v1.6 Color options of hyperref/bookmark (HO)

(D:\CTEX\MiKTeX\tex\latex\oberdiek\xcolor-patch.sty
Package: xcolor-patch 2009/12/12 xcolor patch
))
(D:\CTEX\MiKTeX\tex\latex\oberdiek\letltxmacro.sty
Package: letltxmacro 2008/06/24 v1.3 Let assignment for LaTeX macros (HO)
)
(D:\CTEX\MiKTeX\tex\latex\oberdiek\kvoptions.sty
Package: kvoptions 2010/02/22 v3.7 Keyval support for LaTeX options (HO)
)
\@linkdim=\dimen163
\Hy@linkcounter=\count301
\Hy@pagecounter=\count302

(D:\CTEX\MiKTeX\tex\latex\hyperref\pd1enc.def
File: pd1enc.def 2010/11/26 v6.81v Hyperref: PDFDocEncoding definition (HO)
)
(D:\CTEX\MiKTeX\tex\generic\oberdiek\intcalc.sty
Package: intcalc 2007/09/27 v1.1 Expandable integer calculations (HO)
)
\Hy@SavedSpaceFactor=\count303

(D:\CTEX\MiKTeX\tex\latex\00miktex\hyperref.cfg
File: hyperref.cfg 2002/06/06 v1.2 hyperref configuration of TeXLive
)
Package hyperref Info: Hyper figures OFF on input line 3993.
Package hyperref Info: Link nesting OFF on input line 3998.
Package hyperref Info: Hyper index ON on input line 4001.
Package hyperref Info: Plain pages OFF on input line 4008.
Package hyperref Info: Backreferencing OFF on input line 4013.
Package hyperref Info: Implicit mode ON; LaTeX internals redefined.
Package hyperref Info: Bookmarks ON on input line 4228.
\c@Hy@tempcnt=\count304

(D:\CTEX\MiKTeX\tex\xelatex\xetexurl\url.sty
\Urlmuskip=\muskip11
Package: url 2004/03/15  ver 3.1  Verb mode for urls, etc.
)
LaTeX Info: Redefining \url on input line 4583.

(D:\CTEX\MiKTeX\tex\generic\oberdiek\bitset.sty
Package: bitset 2007/09/28 v1.0 Data type bit set (HO)

(D:\CTEX\MiKTeX\tex\generic\oberdiek\bigintcalc.sty
Package: bigintcalc 2007/11/11 v1.1 Expandable big integer calculations (HO)
))
\Fld@menulength=\count305
\Field@Width=\dimen164
\Fld@charsize=\dimen165
Package hyperref Info: Hyper figures OFF on input line 5667.
Package hyperref Info: Link nesting OFF on input line 5672.
Package hyperref Info: Hyper index ON on input line 5675.
Package hyperref Info: backreferencing OFF on input line 5682.
Package hyperref Info: Link coloring OFF on input line 5687.
Package hyperref Info: Link coloring with OCG OFF on input line 5692.
Package hyperref Info: PDF/A mode OFF on input line 5697.
LaTeX Info: Redefining \ref on input line 5737.
LaTeX Info: Redefining \pageref on input line 5741.

(D:\CTEX\MiKTeX\tex\generic\oberdiek\atbegshi.sty
Package: atbegshi 2010/03/25 v1.12 At begin shipout hook (HO)
)
\Hy@abspage=\count306
\c@Item=\count307
\c@Hfootnote=\count308
)

Package hyperref Message: Driver (autodetected): hxetex.

(D:\CTEX\MiKTeX\tex\latex\hyperref\hxetex.def
File: hxetex.def 2010/11/26 v6.81v Hyperref driver for XeTeX

(D:\CTEX\MiKTeX\tex\latex\hyperref\puenc.def
File: puenc.def 2010/11/26 v6.81v Hyperref: PDF Unicode definition (HO)
)
(D:\CTEX\MiKTeX\tex\generic\oberdiek\stringenc.sty
Package: stringenc 2010/03/01 v1.8 Converts strings between encodings (HO)
)
\pdfm@box=\box64
\c@Hy@AnnotLevel=\count309
\HyField@AnnotCount=\count310
\Fld@listcount=\count311
\c@bookmark@seq@number=\count312

(D:\CTEX\MiKTeX\tex\latex\oberdiek\rerunfilecheck.sty
Package: rerunfilecheck 2010/03/16 v1.6 Rerun checks for auxiliary files (HO)
Package rerunfilecheck Info: Feature \pdfmdfivesum is not available
(rerunfilecheck)             (e.g. pdfTeX or LuaTeX with package `pdftexcmds').

(rerunfilecheck)             Therefore file contents cannot be checked efficien
tly
(rerunfilecheck)             and the loading of the package is aborted.
)
\Hy@SectionHShift=\skip83
)
(D:\CTEX\MiKTeX\tex\latex\geometry\geometry.sty
Package: geometry 2010/09/12 v5.6 Page Geometry
\Gm@cnth=\count313
\Gm@cntv=\count314
\c@Gm@tempcnt=\count315
\Gm@bindingoffset=\dimen166
\Gm@wd@mp=\dimen167
\Gm@odd@mp=\dimen168
\Gm@even@mp=\dimen169
\Gm@layoutwidth=\dimen170
\Gm@layoutheight=\dimen171
\Gm@layouthoffset=\dimen172
\Gm@layoutvoffset=\dimen173
\Gm@dimlist=\toks51

(D:\CTEX\MiKTeX\tex\xelatex\xetexconfig\geometry.cfg))
(D:\CTEX\MiKTeX\tex\latex\titlesec\titlesec.sty
Package: titlesec 2007/08/12 v2.8 Sectioning titles
\ttl@box=\box65
\beforetitleunit=\skip84
\aftertitleunit=\skip85
\ttl@plus=\dimen174
\ttl@minus=\dimen175
\ttl@toksa=\toks52
\titlewidth=\dimen176
\titlewidthlast=\dimen177
\titlewidthfirst=\dimen178

(D:\CTEX\MiKTeX\tex\latex\titlesec\ttlps.def
File: ttlps.def 2007/08/12
))
(D:\CTEX\MiKTeX\tex\latex\titlesec\titletoc.sty
Package: titletoc 2007/08/12 v1.6 TOC entries
\ttl@leftsep=\dimen179
)
Package hyperref Info: Option `bookmarksnumbered' set `true' on input line 110.

\g_fontspec_family_Times New Roman_int=\count316
 fontspec info: Defining font family 'TimesNewRoman(0)' for font 'Times New Rom
an' with options [Mapping=tex-text,].

\g_fontspec_TimesNewRoman(0)_prop=\toks53
 fontspec info: Defining shape 'normal' with NFSS spec.:
(fontspec)  <->"Times New Roman/ICU:script=latn;language=DFLT;mapping=tex-text;
;"

 fontspec info: Defining shape 'bold' with NFSS spec.:
(fontspec)  <->"Times New Roman/B/ICU:script=latn;language=DFLT;mapping=tex-tex
t;;"

 fontspec info: Defining shape 'italic' with NFSS spec.:
(fontspec)  <->"Times New Roman/I/ICU:script=latn;language=DFLT;mapping=tex-tex
t;;"

 fontspec info: Defining shape 'bold italic' with NFSS spec.:
(fontspec)  <->"Times New Roman/BI/ICU:script=latn;language=DFLT;mapping=tex-te
xt;;"

Unknown feature `' in font `Times New Roman'.
Package hyperref Info: Option `colorlinks' set `true' on input line 152.
)
(D:\CTEX\MiKTeX\tex\latex\etoolbox\etoolbox.sty
Package: etoolbox 2010/09/12 v2.0a e-TeX tools for LaTeX
\etb@tempcnta=\count317
)

LaTeX Warning: Unused global option(s):
    [10.5pt].

(C:\Users\huangxin\Desktop\Master_Thesis_HuangXin\XinHuang.aux
(C:\Users\huangxin\Desktop\Master_Thesis_HuangXin\abstract-cn.aux)
(C:\Users\huangxin\Desktop\Master_Thesis_HuangXin\abstract-en.aux)
(C:\Users\huangxin\Desktop\Master_Thesis_HuangXin\terminology.aux)
(C:\Users\huangxin\Desktop\Master_Thesis_HuangXin\chapter-1.aux)
(C:\Users\huangxin\Desktop\Master_Thesis_HuangXin\chapter-2.aux)
(C:\Users\huangxin\Desktop\Master_Thesis_HuangXin\chapter-3.aux)
(C:\Users\huangxin\Desktop\Master_Thesis_HuangXin\chapter-4.aux)
(C:\Users\huangxin\Desktop\Master_Thesis_HuangXin\chapter-5.aux)
(C:\Users\huangxin\Desktop\Master_Thesis_HuangXin\chapter-6.aux)
(C:\Users\huangxin\Desktop\Master_Thesis_HuangXin\Resume.aux)
(C:\Users\huangxin\Desktop\Master_Thesis_HuangXin\Acknowledgement.aux))
LaTeX Font Info:    Checking defaults for OML/cmm/m/it on input line 11.
LaTeX Font Info:    ... okay on input line 11.
LaTeX Font Info:    Checking defaults for T1/cmr/m/n on input line 11.
LaTeX Font Info:    ... okay on input line 11.
LaTeX Font Info:    Checking defaults for OT1/cmr/m/n on input line 11.
LaTeX Font Info:    ... okay on input line 11.
LaTeX Font Info:    Checking defaults for OMS/cmsy/m/n on input line 11.
LaTeX Font Info:    ... okay on input line 11.
LaTeX Font Info:    Checking defaults for OMX/cmex/m/n on input line 11.
LaTeX Font Info:    ... okay on input line 11.
LaTeX Font Info:    Checking defaults for U/cmr/m/n on input line 11.
LaTeX Font Info:    ... okay on input line 11.
LaTeX Font Info:    Checking defaults for EU1/lmr/m/n on input line 11.
LaTeX Font Info:    ... okay on input line 11.
LaTeX Font Info:    Checking defaults for PD1/pdf/m/n on input line 11.
LaTeX Font Info:    ... okay on input line 11.
LaTeX Font Info:    Checking defaults for PU/pdf/m/n on input line 11.
LaTeX Font Info:    ... okay on input line 11.
Unknown feature `' in font `Times New Roman'.
Package caption Info: Begin \AtBeginDocument code.
Package caption3 Info: subfig package 1.2 or 1.3 is loaded.
LaTeX Info: Redefining \subref on input line 11.
Package caption Info: hyperref package is loaded.
Package caption Info: End \AtBeginDocument code.
 fontspec info: Adjusting the maths setup (use [no-math] to avoid this).

\symlegacymaths=\mathgroup6
LaTeX Font Info:    Overwriting symbol font `legacymaths' in version `bold'
(Font)                  OT1/cmr/m/n --> OT1/cmr/bx/n on input line 11.
LaTeX Font Info:    Redeclaring math accent \acute on input line 11.
LaTeX Font Info:    Redeclaring math accent \grave on input line 11.
LaTeX Font Info:    Redeclaring math accent \ddot on input line 11.
LaTeX Font Info:    Redeclaring math accent \tilde on input line 11.
LaTeX Font Info:    Redeclaring math accent \bar on input line 11.
LaTeX Font Info:    Redeclaring math accent \breve on input line 11.
LaTeX Font Info:    Redeclaring math accent \check on input line 11.
LaTeX Font Info:    Redeclaring math accent \hat on input line 11.
LaTeX Font Info:    Redeclaring math accent \dot on input line 11.
LaTeX Font Info:    Redeclaring math accent \mathring on input line 11.
LaTeX Font Info:    Redeclaring math symbol \Gamma on input line 11.
LaTeX Font Info:    Redeclaring math symbol \Delta on input line 11.
LaTeX Font Info:    Redeclaring math symbol \Theta on input line 11.
LaTeX Font Info:    Redeclaring math symbol \Lambda on input line 11.
LaTeX Font Info:    Redeclaring math symbol \Xi on input line 11.
LaTeX Font Info:    Redeclaring math symbol \Pi on input line 11.
LaTeX Font Info:    Redeclaring math symbol \Sigma on input line 11.
LaTeX Font Info:    Redeclaring math symbol \Upsilon on input line 11.
LaTeX Font Info:    Redeclaring math symbol \Phi on input line 11.
LaTeX Font Info:    Redeclaring math symbol \Psi on input line 11.
LaTeX Font Info:    Redeclaring math symbol \Omega on input line 11.
LaTeX Font Info:    Redeclaring math symbol \mathdollar on input line 11.
LaTeX Font Info:    Redeclaring symbol font `operators' on input line 11.
LaTeX Font Info:    Encoding `OT1' has changed to `EU1' for symbol font
(Font)              `operators' in the math version `normal' on input line 11.
LaTeX Font Info:    Overwriting symbol font `operators' in version `normal'
(Font)                  OT1/cmr/m/n --> EU1/TimesNewRoman(0)/m/n on input line 
11.
LaTeX Font Info:    Encoding `OT1' has changed to `EU1' for symbol font
(Font)              `operators' in the math version `bold' on input line 11.
LaTeX Font Info:    Overwriting symbol font `operators' in version `bold'
(Font)                  OT1/cmr/bx/n --> EU1/TimesNewRoman(0)/m/n on input line
 11.
LaTeX Font Info:    Overwriting symbol font `operators' in version `normal'
(Font)                  EU1/TimesNewRoman(0)/m/n --> EU1/TimesNewRoman(0)/m/n o
n input line 11.
LaTeX Font Info:    Overwriting math alphabet `\mathrm' in version `normal'
(Font)                  EU1/TimesNewRoman(0)/m/n --> EU1/TimesNewRoman(0)/m/n o
n input line 11.
LaTeX Font Info:    Overwriting math alphabet `\mathit' in version `normal'
(Font)                  OT1/cmr/m/it --> EU1/TimesNewRoman(0)/m/it on input lin
e 11.
LaTeX Font Info:    Overwriting math alphabet `\mathbf' in version `normal'
(Font)                  OT1/cmr/bx/n --> EU1/TimesNewRoman(0)/bx/n on input lin
e 11.
LaTeX Font Info:    Overwriting math alphabet `\mathsf' in version `normal'
(Font)                  OT1/cmss/m/n --> EU1/lmss/m/n on input line 11.
LaTeX Font Info:    Overwriting math alphabet `\mathtt' in version `normal'
(Font)                  OT1/cmtt/m/n --> EU1/lmtt/m/n on input line 11.
LaTeX Font Info:    Overwriting symbol font `operators' in version `bold'
(Font)                  EU1/TimesNewRoman(0)/m/n --> EU1/TimesNewRoman(0)/bx/n 
on input line 11.
LaTeX Font Info:    Overwriting math alphabet `\mathrm' in version `bold'
(Font)                  EU1/TimesNewRoman(0)/m/n --> EU1/TimesNewRoman(0)/bx/n 
on input line 11.
LaTeX Font Info:    Overwriting math alphabet `\mathit' in version `bold'
(Font)                  OT1/cmr/bx/it --> EU1/TimesNewRoman(0)/bx/it on input l
ine 11.
LaTeX Font Info:    Overwriting math alphabet `\mathsf' in version `bold'
(Font)                  OT1/cmss/bx/n --> EU1/lmss/bx/n on input line 11.
LaTeX Font Info:    Overwriting math alphabet `\mathtt' in version `bold'
(Font)                  OT1/cmtt/m/n --> EU1/lmtt/bx/n on input line 11.
\AtBeginShipoutBox=\box66
Package hyperref Info: Link coloring ON on input line 11.

(D:\CTEX\MiKTeX\tex\latex\hyperref\nameref.sty
Package: nameref 2010/04/30 v2.40 Cross-referencing by name of section

(D:\CTEX\MiKTeX\tex\latex\oberdiek\refcount.sty
Package: refcount 2008/08/11 v3.1 Data extraction from references (HO)
)
(D:\CTEX\MiKTeX\tex\generic\oberdiek\gettitlestring.sty
Package: gettitlestring 2009/12/18 v1.3 Cleanup title references (HO)
)
\c@section@level=\count318
)
LaTeX Info: Redefining \ref on input line 11.
LaTeX Info: Redefining \pageref on input line 11.
LaTeX Info: Redefining \nameref on input line 11.

(C:\Users\huangxin\Desktop\Master_Thesis_HuangXin\XinHuang.out)
(C:\Users\huangxin\Desktop\Master_Thesis_HuangXin\XinHuang.out)
\@outlinefile=\write3
 fontspec info: Font SimSun does not contain any OpenType `Script' information.


\g_fontspec_family_SimSun_int=\count319
 fontspec info: Defining font family 'SimSun(0)' for font 'SimSun' with options
 [Mapping=tex-text,BoldFont={SimSun},BoldFeatures={RawFeature={embolden=4}},Ita
licFont={SimSun},ItalicFeatures={RawFeature={slant=0.17}},BoldItalicFont={SimSu
n},BoldItalicFeatures={RawFeature={embolden=4,slant=0.17}}].

\g_fontspec_SimSun(0)_prop=\toks54
 fontspec info: Defining shape 'normal' with NFSS spec.:
(fontspec)  <->"SimSun/ICU:mapping=tex-text;;"

 fontspec info: Defining shape 'bold' with NFSS spec.:
(fontspec)  <->"SimSun/ICU:mapping=tex-text;;embolden=4;;"

 fontspec info: Defining shape 'italic' with NFSS spec.:
(fontspec)  <->"SimSun/ICU:mapping=tex-text;;slant=0.17;;"

 fontspec info: Defining shape 'bold italic' with NFSS spec.:
(fontspec)  <->"SimSun/ICU:mapping=tex-text;;embolden=4,slant=0.17;;"

Unknown feature `' in font `SimSun'.

[seuthesis]: Load seuthesis-utf8.cfg successfully!
(C:\Users\huangxin\Desktop\Master_Thesis_HuangXin\seuthesis-utf8.cfg
File: seuthesis.cfg 
)
\@indexfile=\write4

Writing index file XinHuang.idx
Unknown feature `' in font `Times New Roman'.
*geometry* detected driver: pdftex
*geometry* verbose mode - [ preamble ] result:
* driver: pdftex
* paper: <default>
* layout: <same size as paper>
* layoutoffset:(h,v)=(0.0pt,0.0pt)
* modes: twoside 
* h-part:(L,W,R)=(71.13188pt, 455.24417pt, 71.13188pt)
* v-part:(T,H,B)=(71.13188pt, 702.78317pt, 71.13188pt)
* \paperwidth=597.50793pt
* \paperheight=845.04694pt
* \textwidth=455.24417pt
* \textheight=702.78317pt
* \oddsidemargin=-1.1381pt
* \evensidemargin=-1.1381pt
* \topmargin=-38.53812pt
* \headheight=17.0pt
* \headsep=20.40001pt
* \topskip=11.0pt
* \footskip=47.60002pt
* \marginparwidth=96.0pt
* \marginparsep=12.8401pt
* \columnsep=10.0pt
* \skip\footins=10.0pt plus 4.0pt minus 2.0pt
* \hoffset=0.0pt
* \voffset=0.0pt
* \mag=1000
* \@twocolumnfalse
* \@twosidetrue
* \@mparswitchtrue
* \@reversemargintrue
* (1in=72.27pt=25.4mm, 1cm=28.453pt)

(D:\CTEX\MiKTeX\tex\generic\oberdiek\se-ascii-print.def
File: se-ascii-print.def 2010/03/01 v1.8 stringenc: Printable ASCII characters
)

Package hyperref Warning: Token not allowed in a PDF string (Unicode):
(hyperref)                removing `\@ifnextchar' on input line 31.

File: figures/front-cover.jpg Graphic file (type QTm)
<use  "figures/front-cover.jpg" >
File: figures/master.png Graphic file (type QTm)
 <use  "figures/master.png" >
File: figures/seu-color-logo.png Graphic file (type QTm)

<use  "figures/seu-color-logo.png" >
LaTeX Font Info:    Calculating math sizes for size <10.5> on input line 31.
Unknown feature `' in font `Times New Roman'.
Unknown feature `' in font `Times New Roman'.


LaTeX Font Warning: Font shape `OML/cmm/m/it' in size <10.5> not available
(Font)              size <10.95> substituted on input line 31.


LaTeX Font Warning: Font shape `OMS/cmsy/m/n' in size <10.5> not available
(Font)              size <10.95> substituted on input line 31.

LaTeX Font Info:    Try loading font information for U+msa on input line 31.
(D:\CTEX\MiKTeX\tex\latex\amsfonts\umsa.fd
File: umsa.fd 2009/06/22 v3.00 AMS symbols A
)
LaTeX Font Info:    Try loading font information for U+msb on input line 31.

(D:\CTEX\MiKTeX\tex\latex\amsfonts\umsb.fd
File: umsb.fd 2009/06/22 v3.00 AMS symbols B
)

LaTeX Font Warning: Font shape `OT1/cmr/m/n' in size <10.5> not available
(Font)              size <10.95> substituted on input line 31.

Unknown feature `' in font `Times New Roman'.
 fontspec info: Font SimSun does not contain any OpenType `Script' information.


Unknown feature `' in font `SimSun'.

Underfull \hbox (badness 1616) detected at line 31
\rm/m/n/9 学 校 代 码
 []


Underfull \hbox (badness 10000) detected at line 31
\rm/m/n/9 分 类 号
 []


Underfull \hbox (badness 10000) detected at line 31
\rm/m/n/9 密 级
 []


Underfull \hbox (badness 10000) detected at line 31
\EU1/TimesNewRoman(0)/m/n/9 U D C
 []


Underfull \hbox (badness 10000) detected at line 31
\rm/m/n/9 学 号
 []

Unknown feature `' in font `Times New Roman'.
 fontspec info: Font SimHei does not contain any OpenType `Script' information.


\g_fontspec_family_SimHei_int=\count320
 fontspec info: Defining font family 'SimHei(0)' for font 'SimHei' with options
 [Mapping=tex-text,BoldFont={SimHei},BoldFeatures={RawFeature={embolden=4}},Ita
licFont={SimHei},ItalicFeatures={RawFeature={slant=0.17}},BoldItalicFont={SimHe
i},BoldItalicFeatures={RawFeature={embolden=4,slant=0.17}}].

\g_fontspec_SimHei(0)_prop=\toks55
 fontspec info: Defining shape 'normal' with NFSS spec.:
(fontspec)  <->"SimHei/ICU:mapping=tex-text;;"

 fontspec info: Defining shape 'bold' with NFSS spec.:
(fontspec)  <->"SimHei/ICU:mapping=tex-text;;embolden=4;;"

 fontspec info: Defining shape 'italic' with NFSS spec.:
(fontspec)  <->"SimHei/ICU:mapping=tex-text;;slant=0.17;;"

 fontspec info: Defining shape 'bold italic' with NFSS spec.:
(fontspec)  <->"SimHei/ICU:mapping=tex-text;;embolden=4,slant=0.17;;"

Unknown feature `' in font `SimHei'.
Unknown feature `' in font `Times New Roman'.
 fontspec info: Font SimSun does not contain any OpenType `Script' information.


Unknown feature `' in font `SimSun'.

Overfull \hbox (6.61525pt too wide) detected at line 31
\zhsong/m/n/18 研 究 生 姓 名：| 
 []

 fontspec info: Font SimHei does not contain any OpenType `Script' information.


Unknown feature `' in font `SimHei'.

Overfull \hbox (6.61525pt too wide) detected at line 31
\zhsong/m/n/18 导  师  姓  名：| 
 []

Unknown feature `' in font `Times New Roman'.
 fontspec info: Font SimSun does not contain any OpenType `Script' information.


Unknown feature `' in font `SimSun'.
 fontspec info: Font SimHei does not contain any OpenType `Script' information.


Unknown feature `' in font `SimHei'.

Overfull \hbox (6.11812pt too wide) detected at line 31
 \zhsong/m/n/12 申 请 学 位 类 别 $[]$ 
 []


Overfull \hbox (6.11812pt too wide) detected at line 31
 \zhsong/m/n/12 学 位 授 予 单 位 $[]$ 
 []


Overfull \hbox (6.11812pt too wide) detected at line 31
 \zhsong/m/n/12 一 级 学 科 名 称 $[]$ 
 []


Overfull \hbox (6.11812pt too wide) detected at line 31
 \zhsong/m/n/12 论 文 答 辩 日 期 $[]$ 
 []


Overfull \hbox (6.11812pt too wide) detected at line 31
 \zhsong/m/n/12 二 级 学 科 名 称 $[]$ 
 []


Overfull \hbox (6.11812pt too wide) detected at line 31
 \zhsong/m/n/12 学 位 授 予 日 期 $[]$ 
 []


Overfull \hbox (3.89174pt too wide) detected at line 31
 \zhsong/m/n/12 答 辩 委 员 会 主 席 $[]$ 
 []


Overfull \hbox (6.11812pt too wide) detected at line 31
 \zhsong/m/n/12 评         阅         人 $[]$ 
 []


Overfull \hbox (6.67273pt too wide) detected at line 31
 [] $[]$ 
 []

Unknown feature `' in font `Times New Roman'.
 fontspec info: Font SimSun does not contain any OpenType `Script' information.


Unknown feature `' in font `SimSun'.
[1


] [2

]
Unknown feature `' in font `Times New Roman'.
File: figures/seu-text-logo.eps Graphic file (type eps)
 <figures/seu-text-logo.eps>
File: figures/master-hwzs.pdf Graphic file (type QTm)
 <use  "figures/master-hwzs.pdf" >
LaTeX Font Info:    Calculating math sizes for size <28> on input line 31.
Unknown feature `' in font `Times New Roman'.


LaTeX Font Warning: Font shape `OML/cmm/m/it' in size <28> not available
(Font)              size <24.88> substituted on input line 31.


LaTeX Font Warning: Font shape `OML/cmm/m/it' in size <19.59991> not available
(Font)              size <20.74> substituted on input line 31.


LaTeX Font Warning: Font shape `OMS/cmsy/m/n' in size <28> not available
(Font)              size <24.88> substituted on input line 31.


LaTeX Font Warning: Font shape `OMS/cmsy/m/n' in size <19.59991> not available
(Font)              size <20.74> substituted on input line 31.


LaTeX Font Warning: Font shape `OT1/cmr/m/n' in size <28> not available
(Font)              size <24.88> substituted on input line 31.


LaTeX Font Warning: Font shape `OT1/cmr/m/n' in size <19.59991> not available
(Font)              size <20.74> substituted on input line 31.


Overfull \hbox (6.61525pt too wide) detected at line 31
\zhhei/m/n/18 专  业  名  称：| 
 []

Unknown feature `' in font `Times New Roman Bold'.
 fontspec info: Font SimSun does not contain any OpenType `Script' information.


Unknown feature `' in font `SimSun'.
Unknown feature `' in font `SimSun'.

Overfull \hbox (6.61525pt too wide) detected at line 31
\zhhei/m/n/18 研 究 生 姓 名：| 
 []


Overfull \hbox (6.61525pt too wide) detected at line 31
\zhhei/m/n/18 导  师  姓  名：| 
 []

[3] [4

]
Unknown feature `' in font `Times New Roman'.
Unknown feature `' in font `Times New Roman'.
 [5] [6

]
Unknown feature `' in font `Times New Roman'.
 fontspec info: Font SimHei does not contain any OpenType `Script' information.


Unknown feature `' in font `SimHei'.
 fontspec info: Font SimSun does not contain any OpenType `Script' information.


Unknown feature `' in font `Times New Roman'.
Unknown feature `' in font `Times New Roman'.
 [7] [8


]
(C:\Users\huangxin\Desktop\Master_Thesis_HuangXin\abstract-cn.tex

Package hyperref Warning: Token not allowed in a PDF string (Unicode):
(hyperref)                \hskip 10.5pt
(hyperref)                replaced by space on input line 4.


Package hyperref Warning: Token not allowed in a PDF string (Unicode):
(hyperref)                \hskip 10.5pt
(hyperref)                replaced by space on input line 4.


Package hyperref Warning: Token not allowed in a PDF string (Unicode):
(hyperref)                \hskip 10.5pt
(hyperref)                replaced by space on input line 4.


Package hyperref Warning: Token not allowed in a PDF string (Unicode):
(hyperref)                \hskip 10.5pt
(hyperref)                replaced by space on input line 4.

 fontspec info: Font SimSun does not contain any OpenType `Script' information.


Unknown feature `' in font `SimSun'.

Package xeCJK Warning: Unknown CJK family `sf' is ignored.
Use \setCJKfamilyfont to define a CJK family. on input line 16.

LaTeX Font Info:    Try loading font information for EU1+lmss on input line 16.

(D:\CTEX\MiKTeX\tex\latex\euenc\eu1lmss.fd
File: eu1lmss.fd 2009/10/30 v1.6 Font defs for Latin Modern
)
 fontspec info: Font SimSun does not contain any OpenType `Script' information.


Unknown feature `' in font `SimSun'.
Unknown feature `' in font `SimSun'.
) [1




]
(C:\Users\huangxin\Desktop\Master_Thesis_HuangXin\abstract-en.tex
 fontspec info: Font SimSun does not contain any OpenType `Script' information.


 [2



]
Underfull \vbox (badness 10000) has occurred while \output is active []

 [3

]
Overfull \hbox (15.10739pt too wide) in paragraph at lines 34--34
[]\EU1/TimesNewRoman(0)/m/n/10.5 OWC VLC Optical Channel Modeling OFDM Adaptive
 Modulation Equalization OWC
 []

) [4] (C:\Users\huangxin\Desktop\Master_Thesis_HuangXin\XinHuang.toc
Unknown feature `' in font `Times New Roman Bold'.
 fontspec info: Font SimSun does not contain any OpenType `Script' information.


Unknown feature `' in font `SimSun'.
Unknown feature `' in font `SimSun'.

Overfull \hbox (2.50583pt too wide) detected at line 3
 \EU1/TimesNewRoman(0)/bx/n/12 VII
 []


Underfull \vbox (badness 2229) has occurred while \output is active []

 [5



]
Underfull \vbox (badness 6691) has occurred while \output is active []

 [6])
\tf@toc=\write5

[7] [8


] (C:\Users\huangxin\Desktop\Master_Thesis_HuangXin\XinHuang.lof
 fontspec info: Font SimSun does not contain any OpenType `Script' information.



Underfull \vbox (badness 1270) has occurred while \output is active []

 [9])
\tf@lof=\write6

[10] (C:\Users\huangxin\Desktop\Master_Thesis_HuangXin\XinHuang.lot)
\tf@lot=\write7
 [11

]
(C:\Users\huangxin\Desktop\Master_Thesis_HuangXin\terminology.tex [12


]
Overfull \hbox (41.20314pt too wide) in alignment at lines 3--24
 [] [] [] 
 []


Overfull \hbox (41.20314pt too wide) in alignment at lines 24--44
 [] [] [] 
 []


Overfull \hbox (41.20314pt too wide) in alignment at lines 44--64
 [] [] [] 
 []

[13

]
Overfull \hbox (41.20314pt too wide) in alignment at lines 64--72
 [] [] [] 
 []

) [14] (C:\Users\huangxin\Desktop\Master_Thesis_HuangXin\chapter-1.tex
第\CJKnumber {1}章 1.
Unknown feature `' in font `Times New Roman Bold'.
 fontspec info: Font SimSun does not contain any OpenType `Script' information.


Unknown feature `' in font `SimSun'.
Unknown feature `' in font `SimSun'.
[1





]
Underfull \vbox (badness 10000) has occurred while \output is active []

 [2]
Underfull \vbox (badness 10000) has occurred while \output is active []

 [3]
Underfull \vbox (badness 10000) has occurred while \output is active []

 [4])
[5] (C:\Users\huangxin\Desktop\Master_Thesis_HuangXin\chapter-2.tex [6



]
第\CJKnumber {2}章 2.

Underfull \vbox (badness 10000) has occurred while \output is active []

 [7]
Overfull \hbox (15.95413pt too wide) in paragraph at lines 38--51
 [][] 
 []

[8]
File: figures/chapter-2/VlcOnLinkMode.eps Graphic file (type eps)
 <figures/chapter-2/VlcOnLinkMode.eps>
Underfull \vbox (badness 1810) has occurred while \output is active []

 [9]
File: figures/chapter-2/VlcJiHe.eps Graphic file (type eps)

<figures/chapter-2/VlcJiHe.eps>
File: figures/chapter-2/Lambo.eps Graphic file (type eps)
 <figures/chapter-2/Lambo.eps> [10] [11]
[12] [13] [14]
Underfull \vbox (badness 10000) has occurred while \output is active []

 [15])
[16] (C:\Users\huangxin\Desktop\Master_Thesis_HuangXin\chapter-3.tex
第\CJKnumber {3}章 3.

Underfull \vbox (badness 10000) has occurred while \output is active []

 [17



]
File: figures/chapter-3/LedLayout.eps Graphic file (type eps)

<figures/chapter-3/LedLayout.eps>
Underfull \vbox (badness 10000) has occurred while \output is active []

 [18]
Underfull \vbox (badness 4429) has occurred while \output is active []

 [19]
File: figures/chapter-3/LedLayoutDI.eps Graphic file (type eps)

<figures/chapter-3/LedLayoutDI.eps> [20]
Overfull \hbox (101.52347pt too wide) detected at line 108
[]\OML/cmm/m/it/12 max [] \OT1/cmr/m/n/12 //\OML/cmm/m/it/12 s:t: \OT1/cmr/m/n/
12 300 \OMS/cmsy/m/n/12 ^^T \OML/cmm/m/it/12 minE[]\OT1/cmr/m/n/12 (\OML/cmm/m/
it/12 x\OT1/cmr/m/n/12 ) \OMS/cmsy/m/n/12 ^^T \OML/cmm/m/it/12 maxE[]\OT1/cmr/m
/n/12 (\OML/cmm/m/it/12 x\OT1/cmr/m/n/12 ) \OMS/cmsy/m/n/12 ^^T \OT1/cmr/m/n/12
 1800//0 \OMS/cmsy/m/n/12 ^^T \OML/cmm/m/it/12 d \OMS/cmsy/m/n/12 ^^T \OT1/cmr/
m/n/12 2//0 \OMS/cmsy/m/n/12 ^^T \OML/cmm/m/it/12 i \OMS/cmsy/m/n/12 ^^T \OT1/c
mr/m/n/12 0\OML/cmm/m/it/12 :\OT1/cmr/m/n/12 04//\OML/cmm/m/it/12 d \OT1/cmr/m/
n/12 + [] \OMS/cmsy/m/n/12 ^^C \OML/cmm/m/it/12 i \OMS/cmsy/m/n/12 ^^T \OML/cmm
/m/it/12 L
 []

[21]
File: figures/chapter-3/PowerFirstPower.eps Graphic file (type eps)
 <figures/chapter-3/PowerFirstPower.eps>
File: figures/chapter-3/PowerFirstIllu.eps Graphic file (type eps)

<figures/chapter-3/PowerFirstIllu.eps> [22]
File: figures/chapter-3/BalanceFirstPower.eps Graphic file (type eps)

<figures/chapter-3/BalanceFirstPower.eps>
File: figures/chapter-3/BalanceFirstIllu.eps Graphic file (type eps)

<figures/chapter-3/BalanceFirstIllu.eps>
Underfull \vbox (badness 10000) has occurred while \output is active []

 [23]
File: figures/chapter-3/BestPower.eps Graphic file (type eps)

<figures/chapter-3/BestPower.eps>
File: figures/chapter-3/BestIllu.eps Graphic file (type eps)
 <figures/chapter-3/BestIllu.eps> [24]
Underfull \vbox (badness 8000) has occurred while \output is active []

 [25]
File: figures/chapter-3/Fov40Power.eps Graphic file (type eps)

<figures/chapter-3/Fov40Power.eps>
File: figures/chapter-3/Fov80Power.eps Graphic file (type eps)
 <figures/chapter-3/Fov80Power.eps> [26])
[27] (C:\Users\huangxin\Desktop\Master_Thesis_HuangXin\chapter-4.tex [28



]
第\CJKnumber {4}章 4.
File: figures/chapter-4/DistributionOverView.eps Graphic file (type eps)
<figures/chapter-4/DistributionOverView.eps>
File: figures/chapter-4/DistributionChannel.eps Graphic file (type eps)

<figures/chapter-4/DistributionChannel.eps>
Underfull \vbox (badness 2080) has occurred while \output is active []

 [29]
[30]
Underfull \vbox (badness 10000) has occurred while \output is active []

 [31]
[32] [33]
File: figures/chapter-4/DistributionSchemeFlow.eps Graphic file (type eps)
 <figures/chapter-4/DistributionSchemeFlow.eps>

LaTeX Warning: Float too large for page by 6.20728pt on input line 150.

File: figures/chapter-4/DistributionUserMove.eps Graphic file (type eps)
<figures/chapter-4/DistributionUserMove.eps>
Underfull \vbox (badness 10000) has occurred while \output is active []

 [34]
[35]
File: figures/chapter-4/DistributionBiggestModify.eps Graphic file (type eps)
 <figures/chapter-4/DistributionBiggestModify.eps> [36]
File: figures/chapter-4/DistributionLedParam.eps Graphic file (type eps)

<figures/chapter-4/DistributionLedParam.eps> [37]
File: figures/chapter-4/DistributionUserFov.eps Graphic file (type eps)

<figures/chapter-4/DistributionUserFov.eps>
Underfull \vbox (badness 10000) has occurred while \output is active []

 [38]
File: figures/chapter-4/DistributionSchTime.eps Graphic file (type eps)

<figures/chapter-4/DistributionSchTime.eps>
Underfull \vbox (badness 10000) has occurred while \output is active []

 [39]
File: figures/chapter-4/DistributionUserSpeed.eps Graphic file (type eps)

<figures/chapter-4/DistributionUserSpeed.eps>
Underfull \vbox (badness 10000) has occurred while \output is active []

 [40])
[41] (C:\Users\huangxin\Desktop\Master_Thesis_HuangXin\chapter-5.tex [42



]
第\CJKnumber {5}章 5.
[43]
File: figures/chapter-5/IssMultiUserComm.eps Graphic file (type eps)
 <figures/chapter-5/IssMultiUserComm.eps>
File: figures/chapter-5/UserInterference.eps Graphic file (type eps)

<figures/chapter-5/UserInterference.eps> [44]
File: figures/chapter-5/UserInterferenceShow.eps Graphic file (type eps)

<figures/chapter-5/UserInterferenceShow.eps>
Underfull \vbox (badness 10000) has occurred while \output is active []

 [45]
Underfull \vbox (badness 5460) has occurred while \output is active []

 [46]
File: figures/chapter-5/GraphExample.eps Graphic file (type eps)

<figures/chapter-5/GraphExample.eps> [47] [48]
Overfull \hbox (81.93307pt too wide) detected at line 196
[] [] [] [][] \OML/cmm/m/it/12 s:t: I[] \OT1/cmr/m/n/12 = 0\OML/cmm/m/it/12 ;  
i \OT1/cmr/m/n/12 = 1\OML/cmm/m/it/12 ; :::; K[] VC[] \OMS/cmsy/m/n/12 \ \OML/c
mm/m/it/12 VC[] \OT1/cmr/m/n/12 = \OMS/cmsy/m/n/12 ;\OML/cmm/m/it/12 i; j \OT1/
cmr/m/n/12 = 1\OML/cmm/m/it/12 ; :::; Kandi \OMS/cmsy/m/n/12 6\OT1/cmr/m/n/12 =
 \OML/cmm/m/it/12 j[]  [] V[] \OMS/cmsy/m/n/12 ^^R \OML/cmm/m/it/12 A
 []

[49]
File: figures/chapter-5/InterferenceGraph.eps Graphic file (type eps)
 <figures/chapter-5/InterferenceGraph.eps> [50] [51]
File: figures/chapter-5/UserBeforeMove1.eps Graphic file (type eps)

<figures/chapter-5/UserBeforeMove1.eps>
File: figures/chapter-5/UserBeforeMove2.eps Graphic file (type eps)

<figures/chapter-5/UserBeforeMove2.eps>
File: figures/chapter-5/UserBeforeMove3.eps Graphic file (type eps)

<figures/chapter-5/UserBeforeMove3.eps>
Overfull \hbox (244.0471pt too wide) in paragraph at lines 264--273
 [][][][][][] 
 []

[52]
File: figures/chapter-5/UserAfterMove1.eps Graphic file (type eps)
 <figures/chapter-5/UserAfterMove1.eps>
File: figures/chapter-5/UserAfterMove2.eps Graphic file (type eps)

<figures/chapter-5/UserAfterMove2.eps>
File: figures/chapter-5/UserAfterMove3.eps Graphic file (type eps)
 <figures/chapter-5/UserAfterMove3.eps>
Overfull \hbox (244.0471pt too wide) in paragraph at lines 285--294
 [][][][][][] 
 []

[53] [54]
File: figures/chapter-5/Speed2Snr.eps Graphic file (type eps)
 <figures/chapter-5/Speed2Snr.eps> [55]
Underfull \vbox (badness 10000) has occurred while \output is active []

 [56]
File: figures/chapter-5/Fov2Snr.eps Graphic file (type eps)

<figures/chapter-5/Fov2Snr.eps> [57]
File: figures/chapter-5/Usernum2Capacity.eps Graphic file (type eps)
 <figures/chapter-5/Usernum2Capacity.eps>
Underfull \vbox (badness 10000) has occurred while \output is active []

 [58]
File: figures/chapter-5/MovingUserNum2Capacity.eps Graphic file (type eps)

<figures/chapter-5/MovingUserNum2Capacity.eps> [59]
File: figures/chapter-5/MovingUserNum2Complexity.eps Graphic file (type eps)

<figures/chapter-5/MovingUserNum2Complexity.eps>)
Underfull \vbox (badness 2846) has occurred while \output is active []

 [60]
[61] (C:\Users\huangxin\Desktop\Master_Thesis_HuangXin\chapter-6.tex [62



]
第\CJKnumber {6}章 6.

Underfull \vbox (badness 10000) has occurred while \output is active []

 [63])
[64]
No file XinHuang.bbl.
No file XinHuang.ind.
(C:\Users\huangxin\Desktop\Master_Thesis_HuangXin\Resume.tex
Unknown feature `' in font `Times New Roman Bold'.
) [65







]
(C:\Users\huangxin\Desktop\Master_Thesis_HuangXin\Acknowledgement.tex [66



])
[67

]
File: figures/back-cover.png Graphic file (type QTm)
 <use  "figures/back-cover.png" > [68


]
(C:\Users\huangxin\Desktop\Master_Thesis_HuangXin\XinHuang.aux
(C:\Users\huangxin\Desktop\Master_Thesis_HuangXin\abstract-cn.aux)
(C:\Users\huangxin\Desktop\Master_Thesis_HuangXin\abstract-en.aux)
(C:\Users\huangxin\Desktop\Master_Thesis_HuangXin\terminology.aux)
(C:\Users\huangxin\Desktop\Master_Thesis_HuangXin\chapter-1.aux)
(C:\Users\huangxin\Desktop\Master_Thesis_HuangXin\chapter-2.aux)
(C:\Users\huangxin\Desktop\Master_Thesis_HuangXin\chapter-3.aux)
(C:\Users\huangxin\Desktop\Master_Thesis_HuangXin\chapter-4.aux)
(C:\Users\huangxin\Desktop\Master_Thesis_HuangXin\chapter-5.aux)
(C:\Users\huangxin\Desktop\Master_Thesis_HuangXin\chapter-6.aux)
(C:\Users\huangxin\Desktop\Master_Thesis_HuangXin\Resume.aux)
(C:\Users\huangxin\Desktop\Master_Thesis_HuangXin\Acknowledgement.aux))

LaTeX Font Warning: Size substitutions with differences
(Font)              up to 3.12pt have occurred.

 ) 
Here is how much of TeX's memory you used:
 22473 strings out of 430486
 357157 string characters out of 3191694
 527122 words of memory out of 3000000
 25082 multiletter control sequences out of 15000+200000
 17003 words of font info for 129 fonts, out of 3000000 for 9000
 14 hyphenation exceptions out of 8191
 55i,14n,76p,769b,855s stack positions out of 5000i,500n,10000p,200000b,50000s

Output written on XinHuang.pdf (90 pages).
